This file contains any messages produced by compilers while
running configure, to aid debugging if configure makes a mistake.

It was created by connman configure 1.37, which was
generated by GNU Autoconf 2.69.  Invocation command line was

  $ ./configure --target=arm-buildroot-linux-gnueabihf --host=arm-buildroot-linux-gnueabihf --build=x86_64-pc-linux-gnu --prefix=/usr --exec-prefix=/usr --sysconfdir=/etc --localstatedir=/var --program-prefix= --disable-gtk-doc --disable-gtk-doc-html --disable-doc --disable-docs --disable-documentation --with-xmlto=no --with-fop=no --disable-dependency-tracking --enable-ipv6 --disable-nls --disable-static --enable-shared --with-dbusconfdir=/etc --disable-debug --enable-ethernet --enable-wifi --disable-wispr --disable-bluetooth --enable-loopback --disable-neard --disable-ofono --enable-client

## --------- ##
## Platform. ##
## --------- ##

hostname = OptiPlex-3070
uname -m = x86_64
uname -r = 5.4.0-91-generic
uname -s = Linux
uname -v = #102~18.04.1-Ubuntu SMP Thu Nov 11 14:46:36 UTC 2021

/usr/bin/uname -p = unknown
/bin/uname -X     = unknown

/bin/arch              = unknown
/usr/bin/arch -k       = unknown
/usr/convex/getsysinfo = unknown
/usr/bin/hostinfo      = unknown
/bin/machine           = unknown
/usr/bin/oslevel       = unknown
/bin/universe          = unknown

PATH: /workspace_disk2/xsq_workspace/sdk_linux_rv1126_rv1109/buildroot/output/rockchip_g710s_rv1126_rv1109/host/bin
PATH: /workspace_disk2/xsq_workspace/sdk_linux_rv1126_rv1109/buildroot/output/rockchip_g710s_rv1126_rv1109/host/sbin
PATH: /opt/jdk1.6.0_31/bin
PATH: /opt/gcc-linaro-5.5.0/bin
PATH: /opt/hisi-linux/x86-arm/arm-himix200-linux/bin
PATH: /usr/local/sbin
PATH: /usr/local/bin
PATH: /usr/sbin
PATH: /usr/bin
PATH: /sbin
PATH: /bin
PATH: /usr/games
PATH: /usr/local/games
PATH: /snap/bin


## ----------- ##
## Core tests. ##
## ----------- ##

configure:2552: checking for a BSD-compatible install
configure:2620: result: /usr/bin/install -c
configure:2631: checking whether build environment is sane
configure:2686: result: yes
configure:2745: checking for arm-buildroot-linux-gnueabihf-strip
configure:2772: result: /workspace_disk2/xsq_workspace/sdk_linux_rv1126_rv1109/buildroot/output/rockchip_g710s_rv1126_rv1109/host/bin/arm-linux-gnueabihf-strip
configure:2837: checking for a thread-safe mkdir -p
configure:2876: result: /bin/mkdir -p
configure:2883: checking for gawk
configure:2899: found /usr/bin/gawk
configure:2910: result: gawk
configure:2921: checking whether make sets $(MAKE)
configure:2943: result: yes
configure:2972: checking whether make supports nested variables
configure:2989: result: yes
configure:3129: checking whether make supports nested variables
configure:3146: result: yes
configure:3159: checking whether to enable maintainer-specific portions of Makefiles
configure:3168: result: no
configure:3293: checking pkg-config is at least version 0.9.0
configure:3296: result: yes
configure:3342: checking for style of include used by make
configure:3370: result: GNU
configure:3401: checking for arm-buildroot-linux-gnueabihf-gcc
configure:3428: result: /workspace_disk2/xsq_workspace/sdk_linux_rv1126_rv1109/buildroot/output/rockchip_g710s_rv1126_rv1109/host/bin/arm-linux-gnueabihf-gcc
configure:3697: checking for C compiler version
configure:3706: /workspace_disk2/xsq_workspace/sdk_linux_rv1126_rv1109/buildroot/output/rockchip_g710s_rv1126_rv1109/host/bin/arm-linux-gnueabihf-gcc --version >&5
arm-linux-gnueabihf-gcc (GNU Toolchain for the A-profile Architecture 8.3-2019.03 (arm-rel-8.36)) 8.3.0
Copyright (C) 2018 Free Software Foundation, Inc.
This is free software; see the source for copying conditions.  There is NO
warranty; not even for MERCHANTABILITY or FITNESS FOR A PARTICULAR PURPOSE.

configure:3717: $? = 0
configure:3706: /workspace_disk2/xsq_workspace/sdk_linux_rv1126_rv1109/buildroot/output/rockchip_g710s_rv1126_rv1109/host/bin/arm-linux-gnueabihf-gcc -v >&5
Using built-in specs.
COLLECT_GCC=/workspace_disk2/xsq_workspace/sdk_linux_rv1126_rv1109/buildroot/../prebuilts/gcc/linux-x86/arm/gcc-arm-8.3-2019.03-x86_64-arm-linux-gnueabihf/bin/arm-linux-gnueabihf-gcc
COLLECT_LTO_WRAPPER=/workspace_disk2/xsq_workspace/sdk_linux_rv1126_rv1109/prebuilts/gcc/linux-x86/arm/gcc-arm-8.3-2019.03-x86_64-arm-linux-gnueabihf/bin/../libexec/gcc/arm-linux-gnueabihf/8.3.0/lto-wrapper
Target: arm-linux-gnueabihf
Configured with: /tmp/dgboter/bbs/rhev-vm8--rhe6x86_64/buildbot/rhe6x86_64--arm-linux-gnueabihf/build/src/gcc/configure --target=arm-linux-gnueabihf --prefix= --with-sysroot=/arm-linux-gnueabihf/libc --with-build-sysroot=/tmp/dgboter/bbs/rhev-vm8--rhe6x86_64/buildbot/rhe6x86_64--arm-linux-gnueabihf/build/build-arm-linux-gnueabihf/install//arm-linux-gnueabihf/libc --with-bugurl=https://bugs.linaro.org/ --enable-gnu-indirect-function --enable-shared --disable-libssp --disable-libmudflap --enable-checking=release --enable-languages=c,c++,fortran --with-gmp=/tmp/dgboter/bbs/rhev-vm8--rhe6x86_64/buildbot/rhe6x86_64--arm-linux-gnueabihf/build/build-arm-linux-gnueabihf/host-tools --with-mpfr=/tmp/dgboter/bbs/rhev-vm8--rhe6x86_64/buildbot/rhe6x86_64--arm-linux-gnueabihf/build/build-arm-linux-gnueabihf/host-tools --with-mpc=/tmp/dgboter/bbs/rhev-vm8--rhe6x86_64/buildbot/rhe6x86_64--arm-linux-gnueabihf/build/build-arm-linux-gnueabihf/host-tools --with-isl=/tmp/dgboter/bbs/rhev-vm8--rhe6x86_64/buildbot/rhe6x86_64--arm-linux-gnueabihf/build/build-arm-linux-gnueabihf/host-tools --with-arch=armv7-a --with-fpu=neon --with-float=hard --with-arch=armv7-a --with-pkgversion='GNU Toolchain for the A-profile Architecture 8.3-2019.03 (arm-rel-8.36)'
Thread model: posix
gcc version 8.3.0 (GNU Toolchain for the A-profile Architecture 8.3-2019.03 (arm-rel-8.36)) 
configure:3717: $? = 0
configure:3706: /workspace_disk2/xsq_workspace/sdk_linux_rv1126_rv1109/buildroot/output/rockchip_g710s_rv1126_rv1109/host/bin/arm-linux-gnueabihf-gcc -V >&5
arm-linux-gnueabihf-gcc: error: unrecognized command line option '-V'
arm-linux-gnueabihf-gcc: fatal error: no input files
compilation terminated.
configure:3717: $? = 1
configure:3706: /workspace_disk2/xsq_workspace/sdk_linux_rv1126_rv1109/buildroot/output/rockchip_g710s_rv1126_rv1109/host/bin/arm-linux-gnueabihf-gcc -qversion >&5
arm-linux-gnueabihf-gcc: error: unrecognized command line option '-qversion'; did you mean '--version'?
arm-linux-gnueabihf-gcc: fatal error: no input files
compilation terminated.
configure:3717: $? = 1
configure:3737: checking whether the C compiler works
configure:3759: /workspace_disk2/xsq_workspace/sdk_linux_rv1126_rv1109/buildroot/output/rockchip_g710s_rv1126_rv1109/host/bin/arm-linux-gnueabihf-gcc -D_LARGEFILE_SOURCE -D_LARGEFILE64_SOURCE -D_FILE_OFFSET_BITS=64  -Os  -DUSE_UPDATEENGINE=ON -DSUCCESSFUL_BOOT=ON -D_LARGEFILE_SOURCE -D_LARGEFILE64_SOURCE -D_FILE_OFFSET_BITS=64  conftest.c  >&5
configure:3763: $? = 0
configure:3811: result: yes
configure:3814: checking for C compiler default output file name
configure:3816: result: a.out
configure:3822: checking for suffix of executables
configure:3829: /workspace_disk2/xsq_workspace/sdk_linux_rv1126_rv1109/buildroot/output/rockchip_g710s_rv1126_rv1109/host/bin/arm-linux-gnueabihf-gcc -o conftest -D_LARGEFILE_SOURCE -D_LARGEFILE64_SOURCE -D_FILE_OFFSET_BITS=64  -Os  -DUSE_UPDATEENGINE=ON -DSUCCESSFUL_BOOT=ON -D_LARGEFILE_SOURCE -D_LARGEFILE64_SOURCE -D_FILE_OFFSET_BITS=64  conftest.c  >&5
configure:3833: $? = 0
configure:3855: result: 
configure:3877: checking whether we are cross compiling
configure:3915: result: yes
configure:3920: checking for suffix of object files
configure:3942: /workspace_disk2/xsq_workspace/sdk_linux_rv1126_rv1109/buildroot/output/rockchip_g710s_rv1126_rv1109/host/bin/arm-linux-gnueabihf-gcc -c -D_LARGEFILE_SOURCE -D_LARGEFILE64_SOURCE -D_FILE_OFFSET_BITS=64  -Os  -DUSE_UPDATEENGINE=ON -DSUCCESSFUL_BOOT=ON -D_LARGEFILE_SOURCE -D_LARGEFILE64_SOURCE -D_FILE_OFFSET_BITS=64 conftest.c >&5
configure:3946: $? = 0
configure:3967: result: o
configure:3971: checking whether we are using the GNU C compiler
configure:3990: /workspace_disk2/xsq_workspace/sdk_linux_rv1126_rv1109/buildroot/output/rockchip_g710s_rv1126_rv1109/host/bin/arm-linux-gnueabihf-gcc -c -D_LARGEFILE_SOURCE -D_LARGEFILE64_SOURCE -D_FILE_OFFSET_BITS=64  -Os  -DUSE_UPDATEENGINE=ON -DSUCCESSFUL_BOOT=ON -D_LARGEFILE_SOURCE -D_LARGEFILE64_SOURCE -D_FILE_OFFSET_BITS=64 conftest.c >&5
configure:3990: $? = 0
configure:3999: result: yes
configure:4008: checking whether /workspace_disk2/xsq_workspace/sdk_linux_rv1126_rv1109/buildroot/output/rockchip_g710s_rv1126_rv1109/host/bin/arm-linux-gnueabihf-gcc accepts -g
configure:4028: /workspace_disk2/xsq_workspace/sdk_linux_rv1126_rv1109/buildroot/output/rockchip_g710s_rv1126_rv1109/host/bin/arm-linux-gnueabihf-gcc -c -g -D_LARGEFILE_SOURCE -D_LARGEFILE64_SOURCE -D_FILE_OFFSET_BITS=64 conftest.c >&5
configure:4028: $? = 0
configure:4069: result: yes
configure:4086: checking for /workspace_disk2/xsq_workspace/sdk_linux_rv1126_rv1109/buildroot/output/rockchip_g710s_rv1126_rv1109/host/bin/arm-linux-gnueabihf-gcc option to accept ISO C89
configure:4149: /workspace_disk2/xsq_workspace/sdk_linux_rv1126_rv1109/buildroot/output/rockchip_g710s_rv1126_rv1109/host/bin/arm-linux-gnueabihf-gcc  -c -D_LARGEFILE_SOURCE -D_LARGEFILE64_SOURCE -D_FILE_OFFSET_BITS=64  -Os  -DUSE_UPDATEENGINE=ON -DSUCCESSFUL_BOOT=ON -D_LARGEFILE_SOURCE -D_LARGEFILE64_SOURCE -D_FILE_OFFSET_BITS=64 conftest.c >&5
configure:4149: $? = 0
configure:4162: result: none needed
configure:4187: checking whether /workspace_disk2/xsq_workspace/sdk_linux_rv1126_rv1109/buildroot/output/rockchip_g710s_rv1126_rv1109/host/bin/arm-linux-gnueabihf-gcc understands -c and -o together
configure:4209: /workspace_disk2/xsq_workspace/sdk_linux_rv1126_rv1109/buildroot/output/rockchip_g710s_rv1126_rv1109/host/bin/arm-linux-gnueabihf-gcc -c conftest.c -o conftest2.o
configure:4212: $? = 0
configure:4209: /workspace_disk2/xsq_workspace/sdk_linux_rv1126_rv1109/buildroot/output/rockchip_g710s_rv1126_rv1109/host/bin/arm-linux-gnueabihf-gcc -c conftest.c -o conftest2.o
configure:4212: $? = 0
configure:4224: result: yes
configure:4243: checking dependency style of /workspace_disk2/xsq_workspace/sdk_linux_rv1126_rv1109/buildroot/output/rockchip_g710s_rv1126_rv1109/host/bin/arm-linux-gnueabihf-gcc
configure:4354: result: none
configure:4375: checking how to run the C preprocessor
configure:4445: result: /workspace_disk2/xsq_workspace/sdk_linux_rv1126_rv1109/buildroot/output/rockchip_g710s_rv1126_rv1109/host/bin/arm-linux-gnueabihf-cpp
configure:4465: /workspace_disk2/xsq_workspace/sdk_linux_rv1126_rv1109/buildroot/output/rockchip_g710s_rv1126_rv1109/host/bin/arm-linux-gnueabihf-cpp -D_LARGEFILE_SOURCE -D_LARGEFILE64_SOURCE -D_FILE_OFFSET_BITS=64 conftest.c
configure:4465: $? = 0
configure:4479: /workspace_disk2/xsq_workspace/sdk_linux_rv1126_rv1109/buildroot/output/rockchip_g710s_rv1126_rv1109/host/bin/arm-linux-gnueabihf-cpp -D_LARGEFILE_SOURCE -D_LARGEFILE64_SOURCE -D_FILE_OFFSET_BITS=64 conftest.c
conftest.c:11:10: fatal error: ac_nonexistent.h: No such file or directory
 #include <ac_nonexistent.h>
          ^~~~~~~~~~~~~~~~~~
compilation terminated.
configure:4479: $? = 1
configure: failed program was:
| /* confdefs.h */
| #define PACKAGE_NAME "connman"
| #define PACKAGE_TARNAME "connman"
| #define PACKAGE_VERSION "1.37"
| #define PACKAGE_STRING "connman 1.37"
| #define PACKAGE_BUGREPORT ""
| #define PACKAGE_URL ""
| #define PACKAGE "connman"
| #define VERSION "1.37"
| /* end confdefs.h.  */
| #include <ac_nonexistent.h>
configure:4508: checking for grep that handles long lines and -e
configure:4566: result: /bin/grep
configure:4571: checking for egrep
configure:4633: result: /bin/grep -E
configure:4638: checking for ANSI C header files
configure:4658: /workspace_disk2/xsq_workspace/sdk_linux_rv1126_rv1109/buildroot/output/rockchip_g710s_rv1126_rv1109/host/bin/arm-linux-gnueabihf-gcc -c -D_LARGEFILE_SOURCE -D_LARGEFILE64_SOURCE -D_FILE_OFFSET_BITS=64  -Os  -DUSE_UPDATEENGINE=ON -DSUCCESSFUL_BOOT=ON -D_LARGEFILE_SOURCE -D_LARGEFILE64_SOURCE -D_FILE_OFFSET_BITS=64 conftest.c >&5
configure:4658: $? = 0
configure:4742: result: yes
configure:4755: checking for sys/types.h
configure:4755: /workspace_disk2/xsq_workspace/sdk_linux_rv1126_rv1109/buildroot/output/rockchip_g710s_rv1126_rv1109/host/bin/arm-linux-gnueabihf-gcc -c -D_LARGEFILE_SOURCE -D_LARGEFILE64_SOURCE -D_FILE_OFFSET_BITS=64  -Os  -DUSE_UPDATEENGINE=ON -DSUCCESSFUL_BOOT=ON -D_LARGEFILE_SOURCE -D_LARGEFILE64_SOURCE -D_FILE_OFFSET_BITS=64 conftest.c >&5
configure:4755: $? = 0
configure:4755: result: yes
configure:4755: checking for sys/stat.h
configure:4755: /workspace_disk2/xsq_workspace/sdk_linux_rv1126_rv1109/buildroot/output/rockchip_g710s_rv1126_rv1109/host/bin/arm-linux-gnueabihf-gcc -c -D_LARGEFILE_SOURCE -D_LARGEFILE64_SOURCE -D_FILE_OFFSET_BITS=64  -Os  -DUSE_UPDATEENGINE=ON -DSUCCESSFUL_BOOT=ON -D_LARGEFILE_SOURCE -D_LARGEFILE64_SOURCE -D_FILE_OFFSET_BITS=64 conftest.c >&5
configure:4755: $? = 0
configure:4755: result: yes
configure:4755: checking for stdlib.h
configure:4755: /workspace_disk2/xsq_workspace/sdk_linux_rv1126_rv1109/buildroot/output/rockchip_g710s_rv1126_rv1109/host/bin/arm-linux-gnueabihf-gcc -c -D_LARGEFILE_SOURCE -D_LARGEFILE64_SOURCE -D_FILE_OFFSET_BITS=64  -Os  -DUSE_UPDATEENGINE=ON -DSUCCESSFUL_BOOT=ON -D_LARGEFILE_SOURCE -D_LARGEFILE64_SOURCE -D_FILE_OFFSET_BITS=64 conftest.c >&5
configure:4755: $? = 0
configure:4755: result: yes
configure:4755: checking for string.h
configure:4755: /workspace_disk2/xsq_workspace/sdk_linux_rv1126_rv1109/buildroot/output/rockchip_g710s_rv1126_rv1109/host/bin/arm-linux-gnueabihf-gcc -c -D_LARGEFILE_SOURCE -D_LARGEFILE64_SOURCE -D_FILE_OFFSET_BITS=64  -Os  -DUSE_UPDATEENGINE=ON -DSUCCESSFUL_BOOT=ON -D_LARGEFILE_SOURCE -D_LARGEFILE64_SOURCE -D_FILE_OFFSET_BITS=64 conftest.c >&5
configure:4755: $? = 0
configure:4755: result: yes
configure:4755: checking for memory.h
configure:4755: /workspace_disk2/xsq_workspace/sdk_linux_rv1126_rv1109/buildroot/output/rockchip_g710s_rv1126_rv1109/host/bin/arm-linux-gnueabihf-gcc -c -D_LARGEFILE_SOURCE -D_LARGEFILE64_SOURCE -D_FILE_OFFSET_BITS=64  -Os  -DUSE_UPDATEENGINE=ON -DSUCCESSFUL_BOOT=ON -D_LARGEFILE_SOURCE -D_LARGEFILE64_SOURCE -D_FILE_OFFSET_BITS=64 conftest.c >&5
configure:4755: $? = 0
configure:4755: result: yes
configure:4755: checking for strings.h
configure:4755: /workspace_disk2/xsq_workspace/sdk_linux_rv1126_rv1109/buildroot/output/rockchip_g710s_rv1126_rv1109/host/bin/arm-linux-gnueabihf-gcc -c -D_LARGEFILE_SOURCE -D_LARGEFILE64_SOURCE -D_FILE_OFFSET_BITS=64  -Os  -DUSE_UPDATEENGINE=ON -DSUCCESSFUL_BOOT=ON -D_LARGEFILE_SOURCE -D_LARGEFILE64_SOURCE -D_FILE_OFFSET_BITS=64 conftest.c >&5
configure:4755: $? = 0
configure:4755: result: yes
configure:4755: checking for inttypes.h
configure:4755: /workspace_disk2/xsq_workspace/sdk_linux_rv1126_rv1109/buildroot/output/rockchip_g710s_rv1126_rv1109/host/bin/arm-linux-gnueabihf-gcc -c -D_LARGEFILE_SOURCE -D_LARGEFILE64_SOURCE -D_FILE_OFFSET_BITS=64  -Os  -DUSE_UPDATEENGINE=ON -DSUCCESSFUL_BOOT=ON -D_LARGEFILE_SOURCE -D_LARGEFILE64_SOURCE -D_FILE_OFFSET_BITS=64 conftest.c >&5
configure:4755: $? = 0
configure:4755: result: yes
configure:4755: checking for stdint.h
configure:4755: /workspace_disk2/xsq_workspace/sdk_linux_rv1126_rv1109/buildroot/output/rockchip_g710s_rv1126_rv1109/host/bin/arm-linux-gnueabihf-gcc -c -D_LARGEFILE_SOURCE -D_LARGEFILE64_SOURCE -D_FILE_OFFSET_BITS=64  -Os  -DUSE_UPDATEENGINE=ON -DSUCCESSFUL_BOOT=ON -D_LARGEFILE_SOURCE -D_LARGEFILE64_SOURCE -D_FILE_OFFSET_BITS=64 conftest.c >&5
configure:4755: $? = 0
configure:4755: result: yes
configure:4755: checking for unistd.h
configure:4755: /workspace_disk2/xsq_workspace/sdk_linux_rv1126_rv1109/buildroot/output/rockchip_g710s_rv1126_rv1109/host/bin/arm-linux-gnueabihf-gcc -c -D_LARGEFILE_SOURCE -D_LARGEFILE64_SOURCE -D_FILE_OFFSET_BITS=64  -Os  -DUSE_UPDATEENGINE=ON -DSUCCESSFUL_BOOT=ON -D_LARGEFILE_SOURCE -D_LARGEFILE64_SOURCE -D_FILE_OFFSET_BITS=64 conftest.c >&5
configure:4755: $? = 0
configure:4755: result: yes
configure:4768: checking minix/config.h usability
configure:4768: /workspace_disk2/xsq_workspace/sdk_linux_rv1126_rv1109/buildroot/output/rockchip_g710s_rv1126_rv1109/host/bin/arm-linux-gnueabihf-gcc -c -D_LARGEFILE_SOURCE -D_LARGEFILE64_SOURCE -D_FILE_OFFSET_BITS=64  -Os  -DUSE_UPDATEENGINE=ON -DSUCCESSFUL_BOOT=ON -D_LARGEFILE_SOURCE -D_LARGEFILE64_SOURCE -D_FILE_OFFSET_BITS=64 conftest.c >&5
conftest.c:54:10: fatal error: minix/config.h: No such file or directory
 #include <minix/config.h>
          ^~~~~~~~~~~~~~~~
compilation terminated.
configure:4768: $? = 1
configure: failed program was:
| /* confdefs.h */
| #define PACKAGE_NAME "connman"
| #define PACKAGE_TARNAME "connman"
| #define PACKAGE_VERSION "1.37"
| #define PACKAGE_STRING "connman 1.37"
| #define PACKAGE_BUGREPORT ""
| #define PACKAGE_URL ""
| #define PACKAGE "connman"
| #define VERSION "1.37"
| #define STDC_HEADERS 1
| #define HAVE_SYS_TYPES_H 1
| #define HAVE_SYS_STAT_H 1
| #define HAVE_STDLIB_H 1
| #define HAVE_STRING_H 1
| #define HAVE_MEMORY_H 1
| #define HAVE_STRINGS_H 1
| #define HAVE_INTTYPES_H 1
| #define HAVE_STDINT_H 1
| #define HAVE_UNISTD_H 1
| /* end confdefs.h.  */
| #include <stdio.h>
| #ifdef HAVE_SYS_TYPES_H
| # include <sys/types.h>
| #endif
| #ifdef HAVE_SYS_STAT_H
| # include <sys/stat.h>
| #endif
| #ifdef STDC_HEADERS
| # include <stdlib.h>
| # include <stddef.h>
| #else
| # ifdef HAVE_STDLIB_H
| #  include <stdlib.h>
| # endif
| #endif
| #ifdef HAVE_STRING_H
| # if !defined STDC_HEADERS && defined HAVE_MEMORY_H
| #  include <memory.h>
| # endif
| # include <string.h>
| #endif
| #ifdef HAVE_STRINGS_H
| # include <strings.h>
| #endif
| #ifdef HAVE_INTTYPES_H
| # include <inttypes.h>
| #endif
| #ifdef HAVE_STDINT_H
| # include <stdint.h>
| #endif
| #ifdef HAVE_UNISTD_H
| # include <unistd.h>
| #endif
| #include <minix/config.h>
configure:4768: result: no
configure:4768: checking minix/config.h presence
configure:4768: /workspace_disk2/xsq_workspace/sdk_linux_rv1126_rv1109/buildroot/output/rockchip_g710s_rv1126_rv1109/host/bin/arm-linux-gnueabihf-cpp -D_LARGEFILE_SOURCE -D_LARGEFILE64_SOURCE -D_FILE_OFFSET_BITS=64 conftest.c
conftest.c:21:10: fatal error: minix/config.h: No such file or directory
 #include <minix/config.h>
          ^~~~~~~~~~~~~~~~
compilation terminated.
configure:4768: $? = 1
configure: failed program was:
| /* confdefs.h */
| #define PACKAGE_NAME "connman"
| #define PACKAGE_TARNAME "connman"
| #define PACKAGE_VERSION "1.37"
| #define PACKAGE_STRING "connman 1.37"
| #define PACKAGE_BUGREPORT ""
| #define PACKAGE_URL ""
| #define PACKAGE "connman"
| #define VERSION "1.37"
| #define STDC_HEADERS 1
| #define HAVE_SYS_TYPES_H 1
| #define HAVE_SYS_STAT_H 1
| #define HAVE_STDLIB_H 1
| #define HAVE_STRING_H 1
| #define HAVE_MEMORY_H 1
| #define HAVE_STRINGS_H 1
| #define HAVE_INTTYPES_H 1
| #define HAVE_STDINT_H 1
| #define HAVE_UNISTD_H 1
| /* end confdefs.h.  */
| #include <minix/config.h>
configure:4768: result: no
configure:4768: checking for minix/config.h
configure:4768: result: no
configure:4789: checking whether it is safe to define __EXTENSIONS__
configure:4807: /workspace_disk2/xsq_workspace/sdk_linux_rv1126_rv1109/buildroot/output/rockchip_g710s_rv1126_rv1109/host/bin/arm-linux-gnueabihf-gcc -c -D_LARGEFILE_SOURCE -D_LARGEFILE64_SOURCE -D_FILE_OFFSET_BITS=64  -Os  -DUSE_UPDATEENGINE=ON -DSUCCESSFUL_BOOT=ON -D_LARGEFILE_SOURCE -D_LARGEFILE64_SOURCE -D_FILE_OFFSET_BITS=64 conftest.c >&5
configure:4807: $? = 0
configure:4814: result: yes
configure:4837: checking for arm-buildroot-linux-gnueabihf-gcc
configure:4864: result: /workspace_disk2/xsq_workspace/sdk_linux_rv1126_rv1109/buildroot/output/rockchip_g710s_rv1126_rv1109/host/bin/arm-linux-gnueabihf-gcc
configure:5133: checking for C compiler version
configure:5142: /workspace_disk2/xsq_workspace/sdk_linux_rv1126_rv1109/buildroot/output/rockchip_g710s_rv1126_rv1109/host/bin/arm-linux-gnueabihf-gcc --version >&5
arm-linux-gnueabihf-gcc (GNU Toolchain for the A-profile Architecture 8.3-2019.03 (arm-rel-8.36)) 8.3.0
Copyright (C) 2018 Free Software Foundation, Inc.
This is free software; see the source for copying conditions.  There is NO
warranty; not even for MERCHANTABILITY or FITNESS FOR A PARTICULAR PURPOSE.

configure:5153: $? = 0
configure:5142: /workspace_disk2/xsq_workspace/sdk_linux_rv1126_rv1109/buildroot/output/rockchip_g710s_rv1126_rv1109/host/bin/arm-linux-gnueabihf-gcc -v >&5
Using built-in specs.
COLLECT_GCC=/workspace_disk2/xsq_workspace/sdk_linux_rv1126_rv1109/buildroot/../prebuilts/gcc/linux-x86/arm/gcc-arm-8.3-2019.03-x86_64-arm-linux-gnueabihf/bin/arm-linux-gnueabihf-gcc
COLLECT_LTO_WRAPPER=/workspace_disk2/xsq_workspace/sdk_linux_rv1126_rv1109/prebuilts/gcc/linux-x86/arm/gcc-arm-8.3-2019.03-x86_64-arm-linux-gnueabihf/bin/../libexec/gcc/arm-linux-gnueabihf/8.3.0/lto-wrapper
Target: arm-linux-gnueabihf
Configured with: /tmp/dgboter/bbs/rhev-vm8--rhe6x86_64/buildbot/rhe6x86_64--arm-linux-gnueabihf/build/src/gcc/configure --target=arm-linux-gnueabihf --prefix= --with-sysroot=/arm-linux-gnueabihf/libc --with-build-sysroot=/tmp/dgboter/bbs/rhev-vm8--rhe6x86_64/buildbot/rhe6x86_64--arm-linux-gnueabihf/build/build-arm-linux-gnueabihf/install//arm-linux-gnueabihf/libc --with-bugurl=https://bugs.linaro.org/ --enable-gnu-indirect-function --enable-shared --disable-libssp --disable-libmudflap --enable-checking=release --enable-languages=c,c++,fortran --with-gmp=/tmp/dgboter/bbs/rhev-vm8--rhe6x86_64/buildbot/rhe6x86_64--arm-linux-gnueabihf/build/build-arm-linux-gnueabihf/host-tools --with-mpfr=/tmp/dgboter/bbs/rhev-vm8--rhe6x86_64/buildbot/rhe6x86_64--arm-linux-gnueabihf/build/build-arm-linux-gnueabihf/host-tools --with-mpc=/tmp/dgboter/bbs/rhev-vm8--rhe6x86_64/buildbot/rhe6x86_64--arm-linux-gnueabihf/build/build-arm-linux-gnueabihf/host-tools --with-isl=/tmp/dgboter/bbs/rhev-vm8--rhe6x86_64/buildbot/rhe6x86_64--arm-linux-gnueabihf/build/build-arm-linux-gnueabihf/host-tools --with-arch=armv7-a --with-fpu=neon --with-float=hard --with-arch=armv7-a --with-pkgversion='GNU Toolchain for the A-profile Architecture 8.3-2019.03 (arm-rel-8.36)'
Thread model: posix
gcc version 8.3.0 (GNU Toolchain for the A-profile Architecture 8.3-2019.03 (arm-rel-8.36)) 
configure:5153: $? = 0
configure:5142: /workspace_disk2/xsq_workspace/sdk_linux_rv1126_rv1109/buildroot/output/rockchip_g710s_rv1126_rv1109/host/bin/arm-linux-gnueabihf-gcc -V >&5
arm-linux-gnueabihf-gcc: error: unrecognized command line option '-V'
arm-linux-gnueabihf-gcc: fatal error: no input files
compilation terminated.
configure:5153: $? = 1
configure:5142: /workspace_disk2/xsq_workspace/sdk_linux_rv1126_rv1109/buildroot/output/rockchip_g710s_rv1126_rv1109/host/bin/arm-linux-gnueabihf-gcc -qversion >&5
arm-linux-gnueabihf-gcc: error: unrecognized command line option '-qversion'; did you mean '--version'?
arm-linux-gnueabihf-gcc: fatal error: no input files
compilation terminated.
configure:5153: $? = 1
configure:5157: checking whether we are using the GNU C compiler
configure:5185: result: yes
configure:5194: checking whether /workspace_disk2/xsq_workspace/sdk_linux_rv1126_rv1109/buildroot/output/rockchip_g710s_rv1126_rv1109/host/bin/arm-linux-gnueabihf-gcc accepts -g
configure:5255: result: yes
configure:5272: checking for /workspace_disk2/xsq_workspace/sdk_linux_rv1126_rv1109/buildroot/output/rockchip_g710s_rv1126_rv1109/host/bin/arm-linux-gnueabihf-gcc option to accept ISO C89
configure:5348: result: none needed
configure:5373: checking whether /workspace_disk2/xsq_workspace/sdk_linux_rv1126_rv1109/buildroot/output/rockchip_g710s_rv1126_rv1109/host/bin/arm-linux-gnueabihf-gcc understands -c and -o together
configure:5410: result: yes
configure:5429: checking dependency style of /workspace_disk2/xsq_workspace/sdk_linux_rv1126_rv1109/buildroot/output/rockchip_g710s_rv1126_rv1109/host/bin/arm-linux-gnueabihf-gcc
configure:5540: result: none
configure:5557: checking whether /workspace_disk2/xsq_workspace/sdk_linux_rv1126_rv1109/buildroot/output/rockchip_g710s_rv1126_rv1109/host/bin/arm-linux-gnueabihf-gcc accepts -fPIE
configure:5572: result: yes
configure:5641: checking build system type
configure:5655: result: x86_64-pc-linux-gnu
configure:5675: checking host system type
configure:5688: result: arm-buildroot-linux-gnueabihf
configure:5729: checking how to print strings
configure:5756: result: printf
configure:5777: checking for a sed that does not truncate output
configure:5841: result: /bin/sed
configure:5859: checking for fgrep
configure:5921: result: /bin/grep -F
configure:5956: checking for ld used by /workspace_disk2/xsq_workspace/sdk_linux_rv1126_rv1109/buildroot/output/rockchip_g710s_rv1126_rv1109/host/bin/arm-linux-gnueabihf-gcc
configure:6023: result: /workspace_disk2/xsq_workspace/sdk_linux_rv1126_rv1109/buildroot/output/rockchip_g710s_rv1126_rv1109/host/bin/arm-linux-gnueabihf-ld
configure:6030: checking if the linker (/workspace_disk2/xsq_workspace/sdk_linux_rv1126_rv1109/buildroot/output/rockchip_g710s_rv1126_rv1109/host/bin/arm-linux-gnueabihf-ld) is GNU ld
configure:6045: result: yes
configure:6057: checking for BSD- or MS-compatible name lister (nm)
configure:6106: result: /workspace_disk2/xsq_workspace/sdk_linux_rv1126_rv1109/buildroot/output/rockchip_g710s_rv1126_rv1109/host/bin/arm-linux-gnueabihf-nm
configure:6236: checking the name lister (/workspace_disk2/xsq_workspace/sdk_linux_rv1126_rv1109/buildroot/output/rockchip_g710s_rv1126_rv1109/host/bin/arm-linux-gnueabihf-nm) interface
configure:6243: /workspace_disk2/xsq_workspace/sdk_linux_rv1126_rv1109/buildroot/output/rockchip_g710s_rv1126_rv1109/host/bin/arm-linux-gnueabihf-gcc -c -D_LARGEFILE_SOURCE -D_LARGEFILE64_SOURCE -D_FILE_OFFSET_BITS=64  -Os  -DUSE_UPDATEENGINE=ON -DSUCCESSFUL_BOOT=ON -D_LARGEFILE_SOURCE -D_LARGEFILE64_SOURCE -D_FILE_OFFSET_BITS=64 conftest.c >&5
configure:6246: /workspace_disk2/xsq_workspace/sdk_linux_rv1126_rv1109/buildroot/output/rockchip_g710s_rv1126_rv1109/host/bin/arm-linux-gnueabihf-nm "conftest.o"
configure:6249: output
00000000 B some_variable
configure:6256: result: BSD nm
configure:6259: checking whether ln -s works
configure:6263: result: yes
configure:6271: checking the maximum length of command line arguments
configure:6402: result: 3458764513820540925
configure:6419: checking whether the shell understands some XSI constructs
configure:6429: result: yes
configure:6433: checking whether the shell understands "+="
configure:6439: result: yes
configure:6474: checking how to convert x86_64-pc-linux-gnu file names to arm-buildroot-linux-gnueabihf format
configure:6514: result: func_convert_file_noop
configure:6521: checking how to convert x86_64-pc-linux-gnu file names to toolchain format
configure:6541: result: func_convert_file_noop
configure:6548: checking for /workspace_disk2/xsq_workspace/sdk_linux_rv1126_rv1109/buildroot/output/rockchip_g710s_rv1126_rv1109/host/bin/arm-linux-gnueabihf-ld option to reload object files
configure:6555: result: -r
configure:6589: checking for arm-buildroot-linux-gnueabihf-objdump
configure:6616: result: /workspace_disk2/xsq_workspace/sdk_linux_rv1126_rv1109/buildroot/output/rockchip_g710s_rv1126_rv1109/host/bin/arm-linux-gnueabihf-objdump
configure:6688: checking how to recognize dependent libraries
configure:6886: result: pass_all
configure:6931: checking for arm-buildroot-linux-gnueabihf-dlltool
configure:6961: result: no
configure:6971: checking for dlltool
configure:7001: result: no
configure:7031: checking how to associate runtime and link libraries
configure:7058: result: printf %s\n
configure:7074: checking for arm-buildroot-linux-gnueabihf-ar
configure:7101: result: /workspace_disk2/xsq_workspace/sdk_linux_rv1126_rv1109/buildroot/output/rockchip_g710s_rv1126_rv1109/host/bin/arm-linux-gnueabihf-ar
configure:7182: checking for archiver @FILE support
configure:7199: /workspace_disk2/xsq_workspace/sdk_linux_rv1126_rv1109/buildroot/output/rockchip_g710s_rv1126_rv1109/host/bin/arm-linux-gnueabihf-gcc -c -D_LARGEFILE_SOURCE -D_LARGEFILE64_SOURCE -D_FILE_OFFSET_BITS=64  -Os  -DUSE_UPDATEENGINE=ON -DSUCCESSFUL_BOOT=ON -D_LARGEFILE_SOURCE -D_LARGEFILE64_SOURCE -D_FILE_OFFSET_BITS=64 conftest.c >&5
configure:7199: $? = 0
configure:7202: /workspace_disk2/xsq_workspace/sdk_linux_rv1126_rv1109/buildroot/output/rockchip_g710s_rv1126_rv1109/host/bin/arm-linux-gnueabihf-ar cru libconftest.a @conftest.lst >&5
configure:7205: $? = 0
configure:7210: /workspace_disk2/xsq_workspace/sdk_linux_rv1126_rv1109/buildroot/output/rockchip_g710s_rv1126_rv1109/host/bin/arm-linux-gnueabihf-ar cru libconftest.a @conftest.lst >&5
/workspace_disk2/xsq_workspace/sdk_linux_rv1126_rv1109/buildroot/output/rockchip_g710s_rv1126_rv1109/host/bin/arm-linux-gnueabihf-ar: conftest.o: No such file or directory
configure:7213: $? = 1
configure:7225: result: @
configure:7243: checking for arm-buildroot-linux-gnueabihf-strip
configure:7270: result: /workspace_disk2/xsq_workspace/sdk_linux_rv1126_rv1109/buildroot/output/rockchip_g710s_rv1126_rv1109/host/bin/arm-linux-gnueabihf-strip
configure:7342: checking for arm-buildroot-linux-gnueabihf-ranlib
configure:7369: result: /workspace_disk2/xsq_workspace/sdk_linux_rv1126_rv1109/buildroot/output/rockchip_g710s_rv1126_rv1109/host/bin/arm-linux-gnueabihf-ranlib
configure:7511: checking command to parse /workspace_disk2/xsq_workspace/sdk_linux_rv1126_rv1109/buildroot/output/rockchip_g710s_rv1126_rv1109/host/bin/arm-linux-gnueabihf-nm output from /workspace_disk2/xsq_workspace/sdk_linux_rv1126_rv1109/buildroot/output/rockchip_g710s_rv1126_rv1109/host/bin/arm-linux-gnueabihf-gcc object
configure:7631: /workspace_disk2/xsq_workspace/sdk_linux_rv1126_rv1109/buildroot/output/rockchip_g710s_rv1126_rv1109/host/bin/arm-linux-gnueabihf-gcc -c -D_LARGEFILE_SOURCE -D_LARGEFILE64_SOURCE -D_FILE_OFFSET_BITS=64  -Os  -DUSE_UPDATEENGINE=ON -DSUCCESSFUL_BOOT=ON -D_LARGEFILE_SOURCE -D_LARGEFILE64_SOURCE -D_FILE_OFFSET_BITS=64 conftest.c >&5
configure:7634: $? = 0
configure:7638: /workspace_disk2/xsq_workspace/sdk_linux_rv1126_rv1109/buildroot/output/rockchip_g710s_rv1126_rv1109/host/bin/arm-linux-gnueabihf-nm conftest.o \| sed -n -e 's/^.*[ ]\([ABCDGIRSTW][ABCDGIRSTW]*\)[ ][ ]*\([_A-Za-z][_A-Za-z0-9]*\)$/\1 \2 \2/p' | sed '/ __gnu_lto/d' \> conftest.nm
configure:7641: $? = 0
configure:7707: /workspace_disk2/xsq_workspace/sdk_linux_rv1126_rv1109/buildroot/output/rockchip_g710s_rv1126_rv1109/host/bin/arm-linux-gnueabihf-gcc -o conftest -D_LARGEFILE_SOURCE -D_LARGEFILE64_SOURCE -D_FILE_OFFSET_BITS=64  -Os  -DUSE_UPDATEENGINE=ON -DSUCCESSFUL_BOOT=ON -D_LARGEFILE_SOURCE -D_LARGEFILE64_SOURCE -D_FILE_OFFSET_BITS=64  conftest.c conftstm.o >&5
configure:7710: $? = 0
configure:7748: result: ok
configure:7785: checking for sysroot
configure:7815: result: no
configure:8044: checking for arm-buildroot-linux-gnueabihf-mt
configure:8074: result: no
configure:8084: checking for mt
configure:8100: found /bin/mt
configure:8111: result: mt
configure:8123: WARNING: using cross tools not prefixed with host triplet
configure:8134: checking if mt is a manifest tool
configure:8140: mt '-?'
configure:8148: result: no
configure:8787: checking for dlfcn.h
configure:8787: /workspace_disk2/xsq_workspace/sdk_linux_rv1126_rv1109/buildroot/output/rockchip_g710s_rv1126_rv1109/host/bin/arm-linux-gnueabihf-gcc -c -D_LARGEFILE_SOURCE -D_LARGEFILE64_SOURCE -D_FILE_OFFSET_BITS=64  -Os  -DUSE_UPDATEENGINE=ON -DSUCCESSFUL_BOOT=ON -D_LARGEFILE_SOURCE -D_LARGEFILE64_SOURCE -D_FILE_OFFSET_BITS=64 conftest.c >&5
configure:8787: $? = 0
configure:8787: result: yes
configure:8963: checking for objdir
configure:8978: result: .libs
configure:9249: checking if /workspace_disk2/xsq_workspace/sdk_linux_rv1126_rv1109/buildroot/output/rockchip_g710s_rv1126_rv1109/host/bin/arm-linux-gnueabihf-gcc supports -fno-rtti -fno-exceptions
configure:9267: /workspace_disk2/xsq_workspace/sdk_linux_rv1126_rv1109/buildroot/output/rockchip_g710s_rv1126_rv1109/host/bin/arm-linux-gnueabihf-gcc -c -D_LARGEFILE_SOURCE -D_LARGEFILE64_SOURCE -D_FILE_OFFSET_BITS=64  -Os  -DUSE_UPDATEENGINE=ON -DSUCCESSFUL_BOOT=ON -D_LARGEFILE_SOURCE -D_LARGEFILE64_SOURCE -D_FILE_OFFSET_BITS=64 -fno-rtti -fno-exceptions conftest.c >&5
cc1: warning: command line option '-fno-rtti' is valid for C++/ObjC++ but not for C
configure:9271: $? = 0
configure:9284: result: no
configure:9611: checking for /workspace_disk2/xsq_workspace/sdk_linux_rv1126_rv1109/buildroot/output/rockchip_g710s_rv1126_rv1109/host/bin/arm-linux-gnueabihf-gcc option to produce PIC
configure:9618: result: -fPIC -DPIC
configure:9626: checking if /workspace_disk2/xsq_workspace/sdk_linux_rv1126_rv1109/buildroot/output/rockchip_g710s_rv1126_rv1109/host/bin/arm-linux-gnueabihf-gcc PIC flag -fPIC -DPIC works
configure:9644: /workspace_disk2/xsq_workspace/sdk_linux_rv1126_rv1109/buildroot/output/rockchip_g710s_rv1126_rv1109/host/bin/arm-linux-gnueabihf-gcc -c -D_LARGEFILE_SOURCE -D_LARGEFILE64_SOURCE -D_FILE_OFFSET_BITS=64  -Os  -DUSE_UPDATEENGINE=ON -DSUCCESSFUL_BOOT=ON -D_LARGEFILE_SOURCE -D_LARGEFILE64_SOURCE -D_FILE_OFFSET_BITS=64 -fPIC -DPIC -DPIC conftest.c >&5
configure:9648: $? = 0
configure:9661: result: yes
configure:9690: checking if /workspace_disk2/xsq_workspace/sdk_linux_rv1126_rv1109/buildroot/output/rockchip_g710s_rv1126_rv1109/host/bin/arm-linux-gnueabihf-gcc static flag -static works
configure:9718: result: yes
configure:9733: checking if /workspace_disk2/xsq_workspace/sdk_linux_rv1126_rv1109/buildroot/output/rockchip_g710s_rv1126_rv1109/host/bin/arm-linux-gnueabihf-gcc supports -c -o file.o
configure:9754: /workspace_disk2/xsq_workspace/sdk_linux_rv1126_rv1109/buildroot/output/rockchip_g710s_rv1126_rv1109/host/bin/arm-linux-gnueabihf-gcc -c -D_LARGEFILE_SOURCE -D_LARGEFILE64_SOURCE -D_FILE_OFFSET_BITS=64  -Os  -DUSE_UPDATEENGINE=ON -DSUCCESSFUL_BOOT=ON -D_LARGEFILE_SOURCE -D_LARGEFILE64_SOURCE -D_FILE_OFFSET_BITS=64 -o out/conftest2.o conftest.c >&5
configure:9758: $? = 0
configure:9780: result: yes
configure:9788: checking if /workspace_disk2/xsq_workspace/sdk_linux_rv1126_rv1109/buildroot/output/rockchip_g710s_rv1126_rv1109/host/bin/arm-linux-gnueabihf-gcc supports -c -o file.o
configure:9835: result: yes
configure:9868: checking whether the /workspace_disk2/xsq_workspace/sdk_linux_rv1126_rv1109/buildroot/output/rockchip_g710s_rv1126_rv1109/host/bin/arm-linux-gnueabihf-gcc linker (/workspace_disk2/xsq_workspace/sdk_linux_rv1126_rv1109/buildroot/output/rockchip_g710s_rv1126_rv1109/host/bin/arm-linux-gnueabihf-ld) supports shared libraries
configure:11025: result: yes
configure:11062: checking whether -lc should be explicitly linked in
configure:11070: /workspace_disk2/xsq_workspace/sdk_linux_rv1126_rv1109/buildroot/output/rockchip_g710s_rv1126_rv1109/host/bin/arm-linux-gnueabihf-gcc -c -D_LARGEFILE_SOURCE -D_LARGEFILE64_SOURCE -D_FILE_OFFSET_BITS=64  -Os  -DUSE_UPDATEENGINE=ON -DSUCCESSFUL_BOOT=ON -D_LARGEFILE_SOURCE -D_LARGEFILE64_SOURCE -D_FILE_OFFSET_BITS=64 conftest.c >&5
configure:11073: $? = 0
configure:11088: /workspace_disk2/xsq_workspace/sdk_linux_rv1126_rv1109/buildroot/output/rockchip_g710s_rv1126_rv1109/host/bin/arm-linux-gnueabihf-gcc -shared  -fPIC -DPIC conftest.o  -v -Wl,-soname -Wl,conftest -o conftest 2\>\&1 \| /bin/grep  -lc  \>/dev/null 2\>\&1
configure:11091: $? = 0
configure:11105: result: no
configure:11265: checking dynamic linker characteristics
configure:11765: /workspace_disk2/xsq_workspace/sdk_linux_rv1126_rv1109/buildroot/output/rockchip_g710s_rv1126_rv1109/host/bin/arm-linux-gnueabihf-gcc -o conftest -D_LARGEFILE_SOURCE -D_LARGEFILE64_SOURCE -D_FILE_OFFSET_BITS=64  -Os  -DUSE_UPDATEENGINE=ON -DSUCCESSFUL_BOOT=ON -D_LARGEFILE_SOURCE -D_LARGEFILE64_SOURCE -D_FILE_OFFSET_BITS=64  -Wl,-rpath -Wl,/foo conftest.c  >&5
configure:11765: $? = 0
configure:11999: result: GNU/Linux ld.so
configure:12106: checking how to hardcode library paths into programs
configure:12131: result: immediate
configure:12671: checking whether stripping libraries is possible
configure:12676: result: yes
configure:12711: checking if libtool supports shared libraries
configure:12713: result: yes
configure:12716: checking whether to build shared libraries
configure:12737: result: yes
configure:12740: checking whether to build static libraries
configure:12744: result: no
configure:13376: checking resolv.h usability
configure:13376: /workspace_disk2/xsq_workspace/sdk_linux_rv1126_rv1109/buildroot/output/rockchip_g710s_rv1126_rv1109/host/bin/arm-linux-gnueabihf-gcc -c -D_LARGEFILE_SOURCE -D_LARGEFILE64_SOURCE -D_FILE_OFFSET_BITS=64  -Os  -DUSE_UPDATEENGINE=ON -DSUCCESSFUL_BOOT=ON -D_LARGEFILE_SOURCE -D_LARGEFILE64_SOURCE -D_FILE_OFFSET_BITS=64 conftest.c >&5
configure:13376: $? = 0
configure:13376: result: yes
configure:13376: checking resolv.h presence
configure:13376: /workspace_disk2/xsq_workspace/sdk_linux_rv1126_rv1109/buildroot/output/rockchip_g710s_rv1126_rv1109/host/bin/arm-linux-gnueabihf-cpp -D_LARGEFILE_SOURCE -D_LARGEFILE64_SOURCE -D_FILE_OFFSET_BITS=64 conftest.c
configure:13376: $? = 0
configure:13376: result: yes
configure:13376: checking for resolv.h
configure:13376: result: yes
configure:13388: checking for ns_initparse in -lresolv
configure:13413: /workspace_disk2/xsq_workspace/sdk_linux_rv1126_rv1109/buildroot/output/rockchip_g710s_rv1126_rv1109/host/bin/arm-linux-gnueabihf-gcc -o conftest -D_LARGEFILE_SOURCE -D_LARGEFILE64_SOURCE -D_FILE_OFFSET_BITS=64  -Os  -DUSE_UPDATEENGINE=ON -DSUCCESSFUL_BOOT=ON -D_LARGEFILE_SOURCE -D_LARGEFILE64_SOURCE -D_FILE_OFFSET_BITS=64  conftest.c -lresolv   >&5
configure:13413: $? = 0
configure:13422: result: yes
configure:13476: checking execinfo.h usability
configure:13476: /workspace_disk2/xsq_workspace/sdk_linux_rv1126_rv1109/buildroot/output/rockchip_g710s_rv1126_rv1109/host/bin/arm-linux-gnueabihf-gcc -c -D_LARGEFILE_SOURCE -D_LARGEFILE64_SOURCE -D_FILE_OFFSET_BITS=64  -Os  -DUSE_UPDATEENGINE=ON -DSUCCESSFUL_BOOT=ON -D_LARGEFILE_SOURCE -D_LARGEFILE64_SOURCE -D_FILE_OFFSET_BITS=64 conftest.c >&5
configure:13476: $? = 0
configure:13476: result: yes
configure:13476: checking execinfo.h presence
configure:13476: /workspace_disk2/xsq_workspace/sdk_linux_rv1126_rv1109/buildroot/output/rockchip_g710s_rv1126_rv1109/host/bin/arm-linux-gnueabihf-cpp -D_LARGEFILE_SOURCE -D_LARGEFILE64_SOURCE -D_FILE_OFFSET_BITS=64 conftest.c
configure:13476: $? = 0
configure:13476: result: yes
configure:13476: checking for execinfo.h
configure:13476: result: yes
configure:13495: checking for struct in6_pktinfo.ipi6_addr
configure:13495: /workspace_disk2/xsq_workspace/sdk_linux_rv1126_rv1109/buildroot/output/rockchip_g710s_rv1126_rv1109/host/bin/arm-linux-gnueabihf-gcc -c -D_LARGEFILE_SOURCE -D_LARGEFILE64_SOURCE -D_FILE_OFFSET_BITS=64  -Os  -DUSE_UPDATEENGINE=ON -DSUCCESSFUL_BOOT=ON -D_LARGEFILE_SOURCE -D_LARGEFILE64_SOURCE -D_FILE_OFFSET_BITS=64 conftest.c >&5
conftest.c: In function 'main':
conftest.c:36:5: error: used struct type value where scalar is required
 if (ac_aggr.ipi6_addr)
     ^~~~~~~
configure:13495: $? = 1
configure: failed program was:
| /* confdefs.h */
| #define PACKAGE_NAME "connman"
| #define PACKAGE_TARNAME "connman"
| #define PACKAGE_VERSION "1.37"
| #define PACKAGE_STRING "connman 1.37"
| #define PACKAGE_BUGREPORT ""
| #define PACKAGE_URL ""
| #define PACKAGE "connman"
| #define VERSION "1.37"
| #define STDC_HEADERS 1
| #define HAVE_SYS_TYPES_H 1
| #define HAVE_SYS_STAT_H 1
| #define HAVE_STDLIB_H 1
| #define HAVE_STRING_H 1
| #define HAVE_MEMORY_H 1
| #define HAVE_STRINGS_H 1
| #define HAVE_INTTYPES_H 1
| #define HAVE_STDINT_H 1
| #define HAVE_UNISTD_H 1
| #define __EXTENSIONS__ 1
| #define _ALL_SOURCE 1
| #define _GNU_SOURCE 1
| #define _POSIX_PTHREAD_SEMANTICS 1
| #define _TANDEM_SOURCE 1
| #define HAVE_DLFCN_H 1
| #define LT_OBJDIR ".libs/"
| #define HAVE_RESOLV_H 1
| #define HAVE_EXECINFO_H 1
| /* end confdefs.h.  */
| #include <netinet/in.h>
| 
| int
| main ()
| {
| static struct in6_pktinfo ac_aggr;
| if (ac_aggr.ipi6_addr)
| return 0;
|   ;
|   return 0;
| }
configure:13495: /workspace_disk2/xsq_workspace/sdk_linux_rv1126_rv1109/buildroot/output/rockchip_g710s_rv1126_rv1109/host/bin/arm-linux-gnueabihf-gcc -c -D_LARGEFILE_SOURCE -D_LARGEFILE64_SOURCE -D_FILE_OFFSET_BITS=64  -Os  -DUSE_UPDATEENGINE=ON -DSUCCESSFUL_BOOT=ON -D_LARGEFILE_SOURCE -D_LARGEFILE64_SOURCE -D_FILE_OFFSET_BITS=64 conftest.c >&5
configure:13495: $? = 0
configure:13495: result: yes
configure:13507: checking for signalfd
configure:13507: /workspace_disk2/xsq_workspace/sdk_linux_rv1126_rv1109/buildroot/output/rockchip_g710s_rv1126_rv1109/host/bin/arm-linux-gnueabihf-gcc -o conftest -D_LARGEFILE_SOURCE -D_LARGEFILE64_SOURCE -D_FILE_OFFSET_BITS=64  -Os  -DUSE_UPDATEENGINE=ON -DSUCCESSFUL_BOOT=ON -D_LARGEFILE_SOURCE -D_LARGEFILE64_SOURCE -D_FILE_OFFSET_BITS=64  conftest.c  >&5
configure:13507: $? = 0
configure:13507: result: yes
configure:13515: checking for dlopen in -ldl
configure:13540: /workspace_disk2/xsq_workspace/sdk_linux_rv1126_rv1109/buildroot/output/rockchip_g710s_rv1126_rv1109/host/bin/arm-linux-gnueabihf-gcc -o conftest -D_LARGEFILE_SOURCE -D_LARGEFILE64_SOURCE -D_FILE_OFFSET_BITS=64  -Os  -DUSE_UPDATEENGINE=ON -DSUCCESSFUL_BOOT=ON -D_LARGEFILE_SOURCE -D_LARGEFILE64_SOURCE -D_FILE_OFFSET_BITS=64  conftest.c -ldl   >&5
configure:13540: $? = 0
configure:13549: result: yes
configure:13640: checking for GLIB
configure:13647: $PKG_CONFIG --exists --print-errors "glib-2.0 >= 2.40"
configure:13650: $? = 0
configure:13664: $PKG_CONFIG --exists --print-errors "glib-2.0 >= 2.40"
configure:13667: $? = 0
configure:13705: result: yes
configure:13714: checking for DBUS
configure:13721: $PKG_CONFIG --exists --print-errors "dbus-1 >= 1.4"
configure:13724: $? = 0
configure:13738: $PKG_CONFIG --exists --print-errors "dbus-1 >= 1.4"
configure:13741: $? = 0
configure:13779: result: yes
configure:13868: checking for XTABLES
configure:13875: $PKG_CONFIG --exists --print-errors "xtables >= 1.4.11"
configure:13878: $? = 0
configure:13892: $PKG_CONFIG --exists --print-errors "xtables >= 1.4.11"
configure:13895: $? = 0
configure:13933: result: yes
configure:14291: checking for iptables-save
configure:14310: found /sbin/iptables-save
configure:14322: result: /sbin/iptables-save
configure:14337: checking for ip6tables-save
configure:14356: found /sbin/ip6tables-save
configure:14368: result: /sbin/ip6tables-save
configure:14484: checking sys/inotify.h usability
configure:14484: /workspace_disk2/xsq_workspace/sdk_linux_rv1126_rv1109/buildroot/output/rockchip_g710s_rv1126_rv1109/host/bin/arm-linux-gnueabihf-gcc -c -D_LARGEFILE_SOURCE -D_LARGEFILE64_SOURCE -D_FILE_OFFSET_BITS=64  -Os  -DUSE_UPDATEENGINE=ON -DSUCCESSFUL_BOOT=ON -D_LARGEFILE_SOURCE -D_LARGEFILE64_SOURCE -D_FILE_OFFSET_BITS=64 conftest.c >&5
configure:14484: $? = 0
configure:14484: result: yes
configure:14484: checking sys/inotify.h presence
configure:14484: /workspace_disk2/xsq_workspace/sdk_linux_rv1126_rv1109/buildroot/output/rockchip_g710s_rv1126_rv1109/host/bin/arm-linux-gnueabihf-cpp -D_LARGEFILE_SOURCE -D_LARGEFILE64_SOURCE -D_FILE_OFFSET_BITS=64 conftest.c
configure:14484: $? = 0
configure:14484: result: yes
configure:14484: checking for sys/inotify.h
configure:14484: result: yes
configure:14497: checking for inotify_init in -lc
configure:14522: /workspace_disk2/xsq_workspace/sdk_linux_rv1126_rv1109/buildroot/output/rockchip_g710s_rv1126_rv1109/host/bin/arm-linux-gnueabihf-gcc -o conftest -D_LARGEFILE_SOURCE -D_LARGEFILE64_SOURCE -D_FILE_OFFSET_BITS=64  -Os  -DUSE_UPDATEENGINE=ON -DSUCCESSFUL_BOOT=ON -D_LARGEFILE_SOURCE -D_LARGEFILE64_SOURCE -D_FILE_OFFSET_BITS=64  conftest.c -lc   >&5
configure:14522: $? = 0
configure:14531: result: yes
configure:14544: checking for wpa_supplicant
configure:14563: found /sbin/wpa_supplicant
configure:14575: result: /sbin/wpa_supplicant
configure:14602: checking readline/readline.h usability
configure:14602: /workspace_disk2/xsq_workspace/sdk_linux_rv1126_rv1109/buildroot/output/rockchip_g710s_rv1126_rv1109/host/bin/arm-linux-gnueabihf-gcc -c -D_LARGEFILE_SOURCE -D_LARGEFILE64_SOURCE -D_FILE_OFFSET_BITS=64  -Os  -DUSE_UPDATEENGINE=ON -DSUCCESSFUL_BOOT=ON -D_LARGEFILE_SOURCE -D_LARGEFILE64_SOURCE -D_FILE_OFFSET_BITS=64 conftest.c >&5
configure:14602: $? = 0
configure:14602: result: yes
configure:14602: checking readline/readline.h presence
configure:14602: /workspace_disk2/xsq_workspace/sdk_linux_rv1126_rv1109/buildroot/output/rockchip_g710s_rv1126_rv1109/host/bin/arm-linux-gnueabihf-cpp -D_LARGEFILE_SOURCE -D_LARGEFILE64_SOURCE -D_FILE_OFFSET_BITS=64 conftest.c
configure:14602: $? = 0
configure:14602: result: yes
configure:14602: checking for readline/readline.h
configure:14602: result: yes
configure:14629: checking which DNS backend to use
configure:14660: result: internal
configure:14774: checking that generated files are newer than configure
configure:14780: result: done
configure:14983: creating ./config.status

## ---------------------- ##
## Running config.status. ##
## ---------------------- ##

This file was extended by connman config.status 1.37, which was
generated by GNU Autoconf 2.69.  Invocation command line was

  CONFIG_FILES    = 
  CONFIG_HEADERS  = 
  CONFIG_LINKS    = 
  CONFIG_COMMANDS = 
  $ ./config.status 

on OptiPlex-3070

config.status:1223: creating Makefile
config.status:1223: creating include/version.h
config.status:1223: creating connman.pc
config.status:1223: creating config.h
config.status:1452: executing depfiles commands
config.status:1452: executing libtool commands
configure:17205: WARNING: unrecognized options: --disable-gtk-doc, --disable-gtk-doc-html, --disable-doc, --disable-docs, --disable-documentation, --with-xmlto, --with-fop, --enable-ipv6, --disable-nls

## ---------------- ##
## Cache variables. ##
## ---------------- ##

ac_cv_build=x86_64-pc-linux-gnu
ac_cv_c_bigendian=no
ac_cv_c_compiler_gnu=yes
ac_cv_env_CC_set=set
ac_cv_env_CC_value=/workspace_disk2/xsq_workspace/sdk_linux_rv1126_rv1109/buildroot/output/rockchip_g710s_rv1126_rv1109/host/bin/arm-linux-gnueabihf-gcc
ac_cv_env_CFLAGS_set=set
ac_cv_env_CFLAGS_value='-D_LARGEFILE_SOURCE -D_LARGEFILE64_SOURCE -D_FILE_OFFSET_BITS=64  -Os  -DUSE_UPDATEENGINE=ON -DSUCCESSFUL_BOOT=ON'
ac_cv_env_CPPFLAGS_set=set
ac_cv_env_CPPFLAGS_value='-D_LARGEFILE_SOURCE -D_LARGEFILE64_SOURCE -D_FILE_OFFSET_BITS=64'
ac_cv_env_CPP_set=set
ac_cv_env_CPP_value=/workspace_disk2/xsq_workspace/sdk_linux_rv1126_rv1109/buildroot/output/rockchip_g710s_rv1126_rv1109/host/bin/arm-linux-gnueabihf-cpp
ac_cv_env_DBUS_CFLAGS_set=
ac_cv_env_DBUS_CFLAGS_value=
ac_cv_env_DBUS_LIBS_set=
ac_cv_env_DBUS_LIBS_value=
ac_cv_env_GLIB_CFLAGS_set=
ac_cv_env_GLIB_CFLAGS_value=
ac_cv_env_GLIB_LIBS_set=
ac_cv_env_GLIB_LIBS_value=
ac_cv_env_GNUTLS_CFLAGS_set=
ac_cv_env_GNUTLS_CFLAGS_value=
ac_cv_env_GNUTLS_LIBS_set=
ac_cv_env_GNUTLS_LIBS_value=
ac_cv_env_LDFLAGS_set=set
ac_cv_env_LDFLAGS_value=
ac_cv_env_LIBS_set=
ac_cv_env_LIBS_value=
ac_cv_env_NFTABLES_CFLAGS_set=
ac_cv_env_NFTABLES_CFLAGS_value=
ac_cv_env_NFTABLES_LIBS_set=
ac_cv_env_NFTABLES_LIBS_value=
ac_cv_env_PKG_CONFIG_LIBDIR_set=
ac_cv_env_PKG_CONFIG_LIBDIR_value=
ac_cv_env_PKG_CONFIG_PATH_set=
ac_cv_env_PKG_CONFIG_PATH_value=
ac_cv_env_PKG_CONFIG_set=set
ac_cv_env_PKG_CONFIG_value=/workspace_disk2/xsq_workspace/sdk_linux_rv1126_rv1109/buildroot/output/rockchip_g710s_rv1126_rv1109/host/bin/pkg-config
ac_cv_env_XTABLES_CFLAGS_set=
ac_cv_env_XTABLES_CFLAGS_value=
ac_cv_env_XTABLES_LIBS_set=
ac_cv_env_XTABLES_LIBS_value=
ac_cv_env_build_alias_set=set
ac_cv_env_build_alias_value=x86_64-pc-linux-gnu
ac_cv_env_host_alias_set=set
ac_cv_env_host_alias_value=arm-buildroot-linux-gnueabihf
ac_cv_env_target_alias_set=set
ac_cv_env_target_alias_value=arm-buildroot-linux-gnueabihf
ac_cv_func_calloc_0_nonnull=yes
ac_cv_func_malloc_0_nonnull=yes
ac_cv_func_memcmp_working=yes
ac_cv_func_mmap_fixed_mapped=yes
ac_cv_func_realloc_0_nonnull=yes
ac_cv_func_signalfd=yes
ac_cv_have_decl_malloc=yes
ac_cv_header_dlfcn_h=yes
ac_cv_header_execinfo_h=yes
ac_cv_header_inttypes_h=yes
ac_cv_header_memory_h=yes
ac_cv_header_minix_config_h=no
ac_cv_header_readline_readline_h=yes
ac_cv_header_resolv_h=yes
ac_cv_header_stdc=yes
ac_cv_header_stdint_h=yes
ac_cv_header_stdlib_h=yes
ac_cv_header_string_h=yes
ac_cv_header_strings_h=yes
ac_cv_header_sys_inotify_h=yes
ac_cv_header_sys_stat_h=yes
ac_cv_header_sys_types_h=yes
ac_cv_header_unistd_h=yes
ac_cv_host=arm-buildroot-linux-gnueabihf
ac_cv_lbl_unaligned_fail=yes
ac_cv_lib_c_inotify_init=yes
ac_cv_lib_dl_dlopen=yes
ac_cv_lib_resolv_ns_initparse=yes
ac_cv_member_struct_in6_pktinfo_ipi6_addr=yes
ac_cv_objext=o
ac_cv_path_EGREP='/bin/grep -E'
ac_cv_path_FGREP='/bin/grep -F'
ac_cv_path_GREP=/bin/grep
ac_cv_path_IP6TABLES_SAVE=/sbin/ip6tables-save
ac_cv_path_IPTABLES_SAVE=/sbin/iptables-save
ac_cv_path_SED=/bin/sed
ac_cv_path_WPASUPPLICANT=/sbin/wpa_supplicant
ac_cv_path_install='/usr/bin/install -c'
ac_cv_path_mkdir=/bin/mkdir
ac_cv_prog_AR=/workspace_disk2/xsq_workspace/sdk_linux_rv1126_rv1109/buildroot/output/rockchip_g710s_rv1126_rv1109/host/bin/arm-linux-gnueabihf-ar
ac_cv_prog_AWK=gawk
ac_cv_prog_CC=/workspace_disk2/xsq_workspace/sdk_linux_rv1126_rv1109/buildroot/output/rockchip_g710s_rv1126_rv1109/host/bin/arm-linux-gnueabihf-gcc
ac_cv_prog_CPP=/workspace_disk2/xsq_workspace/sdk_linux_rv1126_rv1109/buildroot/output/rockchip_g710s_rv1126_rv1109/host/bin/arm-linux-gnueabihf-cpp
ac_cv_prog_OBJDUMP=/workspace_disk2/xsq_workspace/sdk_linux_rv1126_rv1109/buildroot/output/rockchip_g710s_rv1126_rv1109/host/bin/arm-linux-gnueabihf-objdump
ac_cv_prog_RANLIB=/workspace_disk2/xsq_workspace/sdk_linux_rv1126_rv1109/buildroot/output/rockchip_g710s_rv1126_rv1109/host/bin/arm-linux-gnueabihf-ranlib
ac_cv_prog_STRIP=/workspace_disk2/xsq_workspace/sdk_linux_rv1126_rv1109/buildroot/output/rockchip_g710s_rv1126_rv1109/host/bin/arm-linux-gnueabihf-strip
ac_cv_prog_ac_ct_MANIFEST_TOOL=mt
ac_cv_prog_cc_c89=
ac_cv_prog_cc_g=yes
ac_cv_prog_cc_pie=yes
ac_cv_prog_make_make_set=yes
ac_cv_safe_to_define___extensions__=yes
am_cv_CC_dependencies_compiler_type=none
am_cv_make_support_nested_variables=yes
am_cv_prog_cc_c_o=yes
gl_cv_func_malloc_0_nonnull=yes
lt_cv_ar_at_file=@
lt_cv_archive_cmds_need_lc=no
lt_cv_deplibs_check_method=pass_all
lt_cv_file_magic_cmd='$MAGIC_CMD'
lt_cv_file_magic_test_file=
lt_cv_ld_reload_flag=-r
lt_cv_nm_interface='BSD nm'
lt_cv_objdir=.libs
lt_cv_path_LD=/workspace_disk2/xsq_workspace/sdk_linux_rv1126_rv1109/buildroot/output/rockchip_g710s_rv1126_rv1109/host/bin/arm-linux-gnueabihf-ld
lt_cv_path_NM=/workspace_disk2/xsq_workspace/sdk_linux_rv1126_rv1109/buildroot/output/rockchip_g710s_rv1126_rv1109/host/bin/arm-linux-gnueabihf-nm
lt_cv_path_mainfest_tool=no
lt_cv_prog_compiler_c_o=yes
lt_cv_prog_compiler_pic='-fPIC -DPIC'
lt_cv_prog_compiler_pic_works=yes
lt_cv_prog_compiler_rtti_exceptions=no
lt_cv_prog_compiler_static_works=yes
lt_cv_prog_gnu_ld=yes
lt_cv_sharedlib_from_linklib_cmd='printf %s\n'
lt_cv_shlibpath_overrides_runpath=no
lt_cv_sys_global_symbol_pipe='sed -n -e '\''s/^.*[	 ]\([ABCDGIRSTW][ABCDGIRSTW]*\)[	 ][	 ]*\([_A-Za-z][_A-Za-z0-9]*\)$/\1 \2 \2/p'\'' | sed '\''/ __gnu_lto/d'\'''
lt_cv_sys_global_symbol_to_c_name_address='sed -n -e '\''s/^: \([^ ]*\)[ ]*$/  {\"\1\", (void *) 0},/p'\'' -e '\''s/^[ABCDGIRSTW]* \([^ ]*\) \([^ ]*\)$/  {"\2", (void *) \&\2},/p'\'''
lt_cv_sys_global_symbol_to_c_name_address_lib_prefix='sed -n -e '\''s/^: \([^ ]*\)[ ]*$/  {\"\1\", (void *) 0},/p'\'' -e '\''s/^[ABCDGIRSTW]* \([^ ]*\) \(lib[^ ]*\)$/  {"\2", (void *) \&\2},/p'\'' -e '\''s/^[ABCDGIRSTW]* \([^ ]*\) \([^ ]*\)$/  {"lib\2", (void *) \&\2},/p'\'''
lt_cv_sys_global_symbol_to_cdecl='sed -n -e '\''s/^T .* \(.*\)$/extern int \1();/p'\'' -e '\''s/^[ABCDGIRSTW]* .* \(.*\)$/extern char \1;/p'\'''
lt_cv_sys_lib_search_path_spec=
lt_cv_sys_max_cmd_len=3458764513820540925
lt_cv_to_host_file_cmd=func_convert_file_noop
lt_cv_to_tool_file_cmd=func_convert_file_noop
pkg_cv_DBUS_CFLAGS='-I/workspace_disk2/xsq_workspace/sdk_linux_rv1126_rv1109/buildroot/output/rockchip_g710s_rv1126_rv1109/host/bin/../arm-buildroot-linux-gnueabihf/sysroot/usr/include/dbus-1.0 -I/workspace_disk2/xsq_workspace/sdk_linux_rv1126_rv1109/buildroot/output/rockchip_g710s_rv1126_rv1109/host/bin/../arm-buildroot-linux-gnueabihf/sysroot/usr/lib/dbus-1.0/include  '
pkg_cv_DBUS_LIBS='-L/workspace_disk2/xsq_workspace/sdk_linux_rv1126_rv1109/buildroot/output/rockchip_g710s_rv1126_rv1109/host/bin/../arm-buildroot-linux-gnueabihf/sysroot/usr/lib -ldbus-1  '
pkg_cv_GLIB_CFLAGS='-I/workspace_disk2/xsq_workspace/sdk_linux_rv1126_rv1109/buildroot/output/rockchip_g710s_rv1126_rv1109/host/bin/../arm-buildroot-linux-gnueabihf/sysroot/usr/include/glib-2.0 -I/workspace_disk2/xsq_workspace/sdk_linux_rv1126_rv1109/buildroot/output/rockchip_g710s_rv1126_rv1109/host/bin/../arm-buildroot-linux-gnueabihf/sysroot/usr/lib/glib-2.0/include -I/workspace_disk2/xsq_workspace/sdk_linux_rv1126_rv1109/buildroot/output/rockchip_g710s_rv1126_rv1109/host/bin/../arm-buildroot-linux-gnueabihf/sysroot/usr/include  '
pkg_cv_GLIB_LIBS='-L/workspace_disk2/xsq_workspace/sdk_linux_rv1126_rv1109/buildroot/output/rockchip_g710s_rv1126_rv1109/host/bin/../arm-buildroot-linux-gnueabihf/sysroot/usr/lib -lglib-2.0  '
pkg_cv_XTABLES_CFLAGS='-I/workspace_disk2/xsq_workspace/sdk_linux_rv1126_rv1109/buildroot/output/rockchip_g710s_rv1126_rv1109/host/bin/../arm-buildroot-linux-gnueabihf/sysroot/usr/include  '
pkg_cv_XTABLES_LIBS='-L/workspace_disk2/xsq_workspace/sdk_linux_rv1126_rv1109/buildroot/output/rockchip_g710s_rv1126_rv1109/host/bin/../arm-buildroot-linux-gnueabihf/sysroot/usr/lib -lxtables  '

## ----------------- ##
## Output variables. ##
## ----------------- ##

ACLOCAL='${SHELL} /workspace_disk2/xsq_workspace/sdk_linux_rv1126_rv1109/buildroot/output/rockchip_g710s_rv1126_rv1109/build/connman-1.37/missing aclocal-1.14'
AMDEPBACKSLASH=''
AMDEP_FALSE=''
AMDEP_TRUE='#'
AMTAR='$${TAR-tar}'
AM_BACKSLASH='\'
AM_DEFAULT_V='$(AM_DEFAULT_VERBOSITY)'
AM_DEFAULT_VERBOSITY='0'
AM_V='$(V)'
AR='/workspace_disk2/xsq_workspace/sdk_linux_rv1126_rv1109/buildroot/output/rockchip_g710s_rv1126_rv1109/host/bin/arm-linux-gnueabihf-ar'
AUTOCONF='${SHELL} /workspace_disk2/xsq_workspace/sdk_linux_rv1126_rv1109/buildroot/output/rockchip_g710s_rv1126_rv1109/build/connman-1.37/missing autoconf'
AUTOHEADER='${SHELL} /workspace_disk2/xsq_workspace/sdk_linux_rv1126_rv1109/buildroot/output/rockchip_g710s_rv1126_rv1109/build/connman-1.37/missing autoheader'
AUTOMAKE='${SHELL} /workspace_disk2/xsq_workspace/sdk_linux_rv1126_rv1109/buildroot/output/rockchip_g710s_rv1126_rv1109/build/connman-1.37/missing automake-1.14'
AWK='gawk'
BACKTRACE_FALSE='#'
BACKTRACE_TRUE=''
BLUETOOTH_FALSE=''
BLUETOOTH_TRUE='#'
CC='/workspace_disk2/xsq_workspace/sdk_linux_rv1126_rv1109/buildroot/output/rockchip_g710s_rv1126_rv1109/host/bin/arm-linux-gnueabihf-gcc'
CCDEPMODE='depmode=none'
CFLAGS='-D_LARGEFILE_SOURCE -D_LARGEFILE64_SOURCE -D_FILE_OFFSET_BITS=64  -Os  -DUSE_UPDATEENGINE=ON -DSUCCESSFUL_BOOT=ON'
CLIENT_FALSE='#'
CLIENT_TRUE=''
CPP='/workspace_disk2/xsq_workspace/sdk_linux_rv1126_rv1109/buildroot/output/rockchip_g710s_rv1126_rv1109/host/bin/arm-linux-gnueabihf-cpp'
CPPFLAGS='-D_LARGEFILE_SOURCE -D_LARGEFILE64_SOURCE -D_FILE_OFFSET_BITS=64'
CYGPATH_W='echo'
DATAFILES_FALSE='#'
DATAFILES_TRUE=''
DBUS_CFLAGS='-I/workspace_disk2/xsq_workspace/sdk_linux_rv1126_rv1109/buildroot/output/rockchip_g710s_rv1126_rv1109/host/bin/../arm-buildroot-linux-gnueabihf/sysroot/usr/include/dbus-1.0 -I/workspace_disk2/xsq_workspace/sdk_linux_rv1126_rv1109/buildroot/output/rockchip_g710s_rv1126_rv1109/host/bin/../arm-buildroot-linux-gnueabihf/sysroot/usr/lib/dbus-1.0/include  '
DBUS_CONFDIR='/etc/dbus-1/system.d'
DBUS_DATADIR='/usr/share/dbus-1/system-services'
DBUS_LIBS='-L/workspace_disk2/xsq_workspace/sdk_linux_rv1126_rv1109/buildroot/output/rockchip_g710s_rv1126_rv1109/host/bin/../arm-buildroot-linux-gnueabihf/sysroot/usr/lib -ldbus-1  '
DEFS='-DHAVE_CONFIG_H'
DEPDIR='.deps'
DLLTOOL='false'
DSYMUTIL=''
DUMPBIN=''
DUNDEE_FALSE='#'
DUNDEE_TRUE=''
ECHO_C=''
ECHO_N='-n'
ECHO_T=''
EGREP='/bin/grep -E'
ETHERNET_FALSE='#'
ETHERNET_TRUE=''
EXEEXT=''
FGREP='/bin/grep -F'
GADGET_FALSE='#'
GADGET_TRUE=''
GLIB_CFLAGS='-I/workspace_disk2/xsq_workspace/sdk_linux_rv1126_rv1109/buildroot/output/rockchip_g710s_rv1126_rv1109/host/bin/../arm-buildroot-linux-gnueabihf/sysroot/usr/include/glib-2.0 -I/workspace_disk2/xsq_workspace/sdk_linux_rv1126_rv1109/buildroot/output/rockchip_g710s_rv1126_rv1109/host/bin/../arm-buildroot-linux-gnueabihf/sysroot/usr/lib/glib-2.0/include -I/workspace_disk2/xsq_workspace/sdk_linux_rv1126_rv1109/buildroot/output/rockchip_g710s_rv1126_rv1109/host/bin/../arm-buildroot-linux-gnueabihf/sysroot/usr/include  '
GLIB_LIBS='-L/workspace_disk2/xsq_workspace/sdk_linux_rv1126_rv1109/buildroot/output/rockchip_g710s_rv1126_rv1109/host/bin/../arm-buildroot-linux-gnueabihf/sysroot/usr/lib -lglib-2.0  '
GNUTLS_CFLAGS=''
GNUTLS_LIBS=''
GREP='/bin/grep'
HH2SERIAL_GPS_BUILTIN_FALSE=''
HH2SERIAL_GPS_BUILTIN_TRUE='#'
HH2SERIAL_GPS_FALSE=''
HH2SERIAL_GPS_TRUE='#'
INSTALL_DATA='${INSTALL} -m 644'
INSTALL_PROGRAM='${INSTALL}'
INSTALL_SCRIPT='${INSTALL}'
INSTALL_STRIP_PROGRAM='$(install_sh) -c -s'
INTERNAL_DNS_BACKEND_FALSE='#'
INTERNAL_DNS_BACKEND_TRUE=''
IOSPM_FALSE=''
IOSPM_TRUE='#'
IP6TABLES_SAVE='/sbin/ip6tables-save'
IPTABLES_SAVE='/sbin/iptables-save'
IWD_FALSE=''
IWD_TRUE='#'
L2TP=''
L2TP_BUILTIN_FALSE=''
L2TP_BUILTIN_TRUE='#'
L2TP_FALSE=''
L2TP_TRUE='#'
LD='/workspace_disk2/xsq_workspace/sdk_linux_rv1126_rv1109/buildroot/output/rockchip_g710s_rv1126_rv1109/host/bin/arm-linux-gnueabihf-ld'
LDFLAGS=''
LIBOBJS=''
LIBS=''
LIBTOOL='$(SHELL) $(top_builddir)/libtool'
LIPO=''
LN_S='ln -s'
LOOPBACK_FALSE='#'
LOOPBACK_TRUE=''
LTLIBOBJS=''
MAINT='#'
MAINTAINER_MODE_FALSE=''
MAINTAINER_MODE_TRUE='#'
MAKEINFO='${SHELL} /workspace_disk2/xsq_workspace/sdk_linux_rv1126_rv1109/buildroot/output/rockchip_g710s_rv1126_rv1109/build/connman-1.37/missing makeinfo'
MANIFEST_TOOL=':'
MKDIR_P='/bin/mkdir -p'
NEARD_FALSE=''
NEARD_TRUE='#'
NFTABLES_CFLAGS=''
NFTABLES_FALSE=''
NFTABLES_LIBS=''
NFTABLES_TRUE='#'
NM='/workspace_disk2/xsq_workspace/sdk_linux_rv1126_rv1109/buildroot/output/rockchip_g710s_rv1126_rv1109/host/bin/arm-linux-gnueabihf-nm'
NMCOMPAT_FALSE=''
NMCOMPAT_TRUE='#'
NMEDIT=''
OBJDUMP='/workspace_disk2/xsq_workspace/sdk_linux_rv1126_rv1109/buildroot/output/rockchip_g710s_rv1126_rv1109/host/bin/arm-linux-gnueabihf-objdump'
OBJEXT='o'
OFONO_FALSE=''
OFONO_TRUE='#'
OPENCONNECT=''
OPENCONNECT_BUILTIN_FALSE=''
OPENCONNECT_BUILTIN_TRUE='#'
OPENCONNECT_FALSE=''
OPENCONNECT_TRUE='#'
OPENVPN=''
OPENVPN_BUILTIN_FALSE=''
OPENVPN_BUILTIN_TRUE='#'
OPENVPN_FALSE=''
OPENVPN_TRUE='#'
OTOOL64=''
OTOOL=''
PACKAGE='connman'
PACKAGE_BUGREPORT=''
PACKAGE_NAME='connman'
PACKAGE_STRING='connman 1.37'
PACKAGE_TARNAME='connman'
PACKAGE_URL=''
PACKAGE_VERSION='1.37'
PACRUNNER_FALSE='#'
PACRUNNER_TRUE=''
PATH_SEPARATOR=':'
PKG_CONFIG='/workspace_disk2/xsq_workspace/sdk_linux_rv1126_rv1109/buildroot/output/rockchip_g710s_rv1126_rv1109/host/bin/pkg-config'
PKG_CONFIG_LIBDIR=''
PKG_CONFIG_PATH=''
POLKIT_DATADIR=''
POLKIT_FALSE=''
POLKIT_TRUE='#'
PPPD=''
PPTP=''
PPTP_BUILTIN_FALSE=''
PPTP_BUILTIN_TRUE='#'
PPTP_FALSE=''
PPTP_TRUE='#'
RANLIB='/workspace_disk2/xsq_workspace/sdk_linux_rv1126_rv1109/buildroot/output/rockchip_g710s_rv1126_rv1109/host/bin/arm-linux-gnueabihf-ranlib'
SED='/bin/sed'
SELINUX_FALSE=''
SELINUX_TRUE='#'
SESSION_POLICY_LOCAL_BUILTIN_FALSE=''
SESSION_POLICY_LOCAL_BUILTIN_TRUE='#'
SESSION_POLICY_LOCAL_FALSE=''
SESSION_POLICY_LOCAL_TRUE='#'
SET_MAKE=''
SHELL='/bin/sh'
STATS_FALSE='#'
STATS_TRUE=''
STRIP='/workspace_disk2/xsq_workspace/sdk_linux_rv1126_rv1109/buildroot/output/rockchip_g710s_rv1126_rv1109/host/bin/arm-linux-gnueabihf-strip'
SYSTEMD_FALSE=''
SYSTEMD_RESOLVED_DNS_BACKEND_FALSE=''
SYSTEMD_RESOLVED_DNS_BACKEND_TRUE='#'
SYSTEMD_TMPFILESDIR=''
SYSTEMD_TRUE='#'
SYSTEMD_UNITDIR=''
TEST_FALSE=''
TEST_TRUE='#'
TIST_BUILTIN_FALSE=''
TIST_BUILTIN_TRUE='#'
TIST_FALSE=''
TIST_TRUE='#'
TOOLS_FALSE='#'
TOOLS_TRUE=''
VERSION='1.37'
VPNC=''
VPNC_BUILTIN_FALSE=''
VPNC_BUILTIN_TRUE='#'
VPNC_FALSE=''
VPNC_TRUE='#'
VPN_FALSE=''
VPN_TRUE='#'
WIFI_FALSE='#'
WIFI_TRUE=''
WISPR_FALSE=''
WISPR_TRUE='#'
WPASUPPLICANT='/sbin/wpa_supplicant'
XTABLES_CFLAGS='-I/workspace_disk2/xsq_workspace/sdk_linux_rv1126_rv1109/buildroot/output/rockchip_g710s_rv1126_rv1109/host/bin/../arm-buildroot-linux-gnueabihf/sysroot/usr/include  '
XTABLES_FALSE='#'
XTABLES_LIBS='-L/workspace_disk2/xsq_workspace/sdk_linux_rv1126_rv1109/buildroot/output/rockchip_g710s_rv1126_rv1109/host/bin/../arm-buildroot-linux-gnueabihf/sysroot/usr/lib -lxtables  '
XTABLES_TRUE=''
abs_top_builddir=''
abs_top_srcdir=''
ac_ct_AR=''
ac_ct_CC=''
ac_ct_DUMPBIN=''
am__EXEEXT_FALSE=''
am__EXEEXT_TRUE='#'
am__fastdepCC_FALSE=''
am__fastdepCC_TRUE='#'
am__include='include'
am__isrc=''
am__leading_dot='.'
am__nodep=''
am__quote=''
am__tar='$${TAR-tar} chof - "$$tardir"'
am__untar='$${TAR-tar} xf -'
bindir='${exec_prefix}/bin'
build='x86_64-pc-linux-gnu'
build_alias='x86_64-pc-linux-gnu'
build_cpu='x86_64'
build_os='linux-gnu'
build_vendor='pc'
datadir='${datarootdir}'
datarootdir='${prefix}/share'
docdir='${datarootdir}/doc/${PACKAGE_TARNAME}'
dvidir='${docdir}'
exec_prefix='/usr'
host='arm-buildroot-linux-gnueabihf'
host_alias='arm-buildroot-linux-gnueabihf'
host_cpu='arm'
host_os='linux-gnueabihf'
host_vendor='buildroot'
htmldir='${docdir}'
includedir='${prefix}/include'
infodir='${datarootdir}/info'
install_sh='${SHELL} /workspace_disk2/xsq_workspace/sdk_linux_rv1126_rv1109/buildroot/output/rockchip_g710s_rv1126_rv1109/build/connman-1.37/install-sh'
libdir='${exec_prefix}/lib'
libexecdir='${exec_prefix}/libexec'
localedir='${datarootdir}/locale'
localstatedir='/var'
mandir='${datarootdir}/man'
mkdir_p='$(MKDIR_P)'
oldincludedir='/usr/include'
pdfdir='${docdir}'
prefix='/usr'
program_transform_name='s&^&&'
psdir='${docdir}'
runstatedir='${localstatedir}/run'
sbindir='${exec_prefix}/sbin'
sharedstatedir='${prefix}/com'
sysconfdir='/etc'
target_alias='arm-buildroot-linux-gnueabihf'

## ----------- ##
## confdefs.h. ##
## ----------- ##

/* confdefs.h */
#define PACKAGE_NAME "connman"
#define PACKAGE_TARNAME "connman"
#define PACKAGE_VERSION "1.37"
#define PACKAGE_STRING "connman 1.37"
#define PACKAGE_BUGREPORT ""
#define PACKAGE_URL ""
#define PACKAGE "connman"
#define VERSION "1.37"
#define STDC_HEADERS 1
#define HAVE_SYS_TYPES_H 1
#define HAVE_SYS_STAT_H 1
#define HAVE_STDLIB_H 1
#define HAVE_STRING_H 1
#define HAVE_MEMORY_H 1
#define HAVE_STRINGS_H 1
#define HAVE_INTTYPES_H 1
#define HAVE_STDINT_H 1
#define HAVE_UNISTD_H 1
#define __EXTENSIONS__ 1
#define _ALL_SOURCE 1
#define _GNU_SOURCE 1
#define _POSIX_PTHREAD_SEMANTICS 1
#define _TANDEM_SOURCE 1
#define HAVE_DLFCN_H 1
#define LT_OBJDIR ".libs/"
#define HAVE_RESOLV_H 1
#define HAVE_EXECINFO_H 1
#define HAVE_STRUCT_IN6_PKTINFO_IPI6_ADDR 1
#define STATS_MAX_FILE_SIZE (16 * 8 * 128)
#define HAVE_SYS_INOTIFY_H 1
#define HAVE_READLINE_READLINE_H 1

configure: exit 0
